<?xml version="1.0" encoding="UTF-8"?>
<testsuite name="com.sote.bike.RentBikeSpec" tests="21" skipped="0" failures="0" errors="0" timestamp="2019-03-27T20:43:53" hostname="marcelo-RC512" time="0.092">
  <properties/>
  <testcase name="Rental by hour, charging $5 per hour. Result when different number of hours are evaluated[0]" classname="com.sote.bike.RentBikeSpec" time="0.051"/>
  <testcase name="Rental by hour, charging $5 per hour. Result when different number of hours are evaluated[1]" classname="com.sote.bike.RentBikeSpec" time="0.001"/>
  <testcase name="Rental by hour, charging $5 per hour. Result when different number of hours are evaluated[2]" classname="com.sote.bike.RentBikeSpec" time="0.0"/>
  <testcase name="Rental by day, charging $20 a day. Result when different number of days are evaluated[0]" classname="com.sote.bike.RentBikeSpec" time="0.003"/>
  <testcase name="Rental by day, charging $20 a day. Result when different number of days are evaluated[1]" classname="com.sote.bike.RentBikeSpec" time="0.001"/>
  <testcase name="Rental by day, charging $20 a day. Result when different number of days are evaluated[2]" classname="com.sote.bike.RentBikeSpec" time="0.001"/>
  <testcase name="Rental by week, changing $60 a week. Result when different number of weeks are evaluated[0]" classname="com.sote.bike.RentBikeSpec" time="0.003"/>
  <testcase name="Rental by week, changing $60 a week. Result when different number of weeks are evaluated[1]" classname="com.sote.bike.RentBikeSpec" time="0.001"/>
  <testcase name="Rental by week, changing $60 a week. Result when different number of weeks are evaluated[2]" classname="com.sote.bike.RentBikeSpec" time="0.001"/>
  <testcase name="Family Rental, discount of 30% is applied to 3 rentals[0]" classname="com.sote.bike.RentBikeSpec" time="0.001"/>
  <testcase name="Family Rental, discount of 30% is applied to 3 rentals[1]" classname="com.sote.bike.RentBikeSpec" time="0.001"/>
  <testcase name="Family Rental, discount of 30% is applied to 3 rentals[2]" classname="com.sote.bike.RentBikeSpec" time="0.0"/>
  <testcase name="Family Rental, discount of 30% is applied to 4 rentals[0]" classname="com.sote.bike.RentBikeSpec" time="0.001"/>
  <testcase name="Family Rental, discount of 30% is applied to 4 rentals[1]" classname="com.sote.bike.RentBikeSpec" time="0.0"/>
  <testcase name="Family Rental, discount of 30% is applied to 4 rentals[2]" classname="com.sote.bike.RentBikeSpec" time="0.001"/>
  <testcase name="Family Rental, discount of 30% is applied to 5 rentals[0]" classname="com.sote.bike.RentBikeSpec" time="0.004"/>
  <testcase name="Family Rental, discount of 30% is applied to 5 rentals[1]" classname="com.sote.bike.RentBikeSpec" time="0.001"/>
  <testcase name="Family Rental, discount of 30% is applied to 5 rentals[2]" classname="com.sote.bike.RentBikeSpec" time="0.0"/>
  <testcase name="Family Rental, discount of 30% is not applied to 6 rentals[0]" classname="com.sote.bike.RentBikeSpec" time="0.002"/>
  <testcase name="Family Rental, discount of 30% is not applied to 6 rentals[1]" classname="com.sote.bike.RentBikeSpec" time="0.001"/>
  <testcase name="Family Rental, discount of 30% is not applied to 6 rentals[2]" classname="com.sote.bike.RentBikeSpec" time="0.001"/>
  <system-out><![CDATA[]]></system-out>
  <system-err><![CDATA[[Test worker] INFO com.athaydes.spockframework.report.SpockReportExtension - Got configuration from Spock: com.athaydes.spockframework.report.internal.SpockReportsConfiguration([:])
[Test worker] INFO com.athaydes.spockframework.report.internal.ConfigLoader - SpockReports config loaded: {com.athaydes.spockframework.report.aggregatedJsonReportDir=, com.athaydes.spockframework.report.showCodeBlocks=false, com.athaydes.spockframework.report.template.TemplateReportCreator.reportFileExtension=md, com.athaydes.spockframework.report.testSourceRoots=src/test/groovy, com.athaydes.spockframework.report.IReportCreator=com.athaydes.spockframework.report.internal.HtmlReportCreator, com.athaydes.spockframework.report.outputDir=build/spock-reports, com.athaydes.spockframework.report.internal.HtmlReportCreator.inlineCss=true, com.athaydes.spockframework.report.internal.HtmlReportCreator.featureReportCss=spock-feature-report.css, com.athaydes.spockframework.report.hideEmptyBlocks=false, com.athaydes.spockframework.report.internal.HtmlReportCreator.summaryReportCss=spock-summary-report.css, com.athaydes.spockframework.report.projectVersion=Unknown, com.athaydes.spockframework.report.template.TemplateReportCreator.specTemplateFile=/templateReportCreator/spec-template.md, com.athaydes.spockframework.report.internal.HtmlReportCreator.specSummaryNameOption=class_name_and_title, com.athaydes.spockframework.report.template.TemplateReportCreator.summaryTemplateFile=/templateReportCreator/summary-template.md, com.athaydes.spockframework.report.internal.HtmlReportCreator.excludeToc=false, com.athaydes.spockframework.report.template.TemplateReportCreator.enabled=true, com.athaydes.spockframework.report.projectName=, com.athaydes.spockframework.report.template.TemplateReportCreator.summaryFileName=summary.md, com.athaydes.spockframework.report.internal.HtmlReportCreator.printThrowableStackTrace=false, com.athaydes.spockframework.report.internal.HtmlReportCreator.enabled=true}
]]></system-err>
</testsuite>
